<?xml version="1.0" encoding="UTF-8"?>
<!-- Generated by org.testng.reporters.JUnitXMLReporter -->
<testsuite ignored="0" hostname="LAPTOP-50IMME7B" failures="0" tests="2" name="Error Validation" time="17.172" errors="0" timestamp="2024-02-25T14:59:36 GMT-06:00">
  <testcase classname="selenium.SeleniumTesting.ErrorValidation" name="getLoginErrorValidation" time="1.238"/>
  <testcase classname="selenium.SeleniumTesting.ErrorValidation" name="getProductErrorValidation" time="3.8"/>
</testsuite> <!-- Error Validation -->
