<?xml version="1.0" encoding="UTF-8"?>
<!-- Generated by org.testng.reporters.JUnitXMLReporter -->
<testsuite ignored="0" hostname="LAPTOP-50IMME7B" failures="0" tests="3" name="Submit Order Test" time="33.385" errors="0" timestamp="2024-02-25T14:59:52 GMT-06:00">
  <testcase classname="selenium.SeleniumTesting.SubmitOrder" name="submitorder" time="6.968"/>
  <testcase classname="selenium.SeleniumTesting.SubmitOrder" name="submitorder" time="6.714"/>
  <testcase classname="selenium.SeleniumTesting.SubmitOrder" name="orderHistory" time="2.143"/>
</testsuite> <!-- Submit Order Test -->
