<?xml version="1.0" encoding="UTF-8"?>
<!-- Generated by org.testng.reporters.JUnitXMLReporter -->
<testsuite ignored="0" hostname="LAPTOP-50IMME7B" failures="0" tests="2" name="Error Validation" time="18.947" errors="0" timestamp="2024-02-25T15:02:49 GMT-06:00">
  <testcase classname="selenium.SeleniumTesting.ErrorValidation" name="getLoginErrorValidation" time="3.519"/>
  <testcase classname="selenium.SeleniumTesting.ErrorValidation" name="getProductErrorValidation" time="3.797"/>
</testsuite> <!-- Error Validation -->
