<?xml version="1.0" encoding="UTF-8"?>
<!-- Generated by org.testng.reporters.JUnitXMLReporter -->
<testsuite ignored="0" hostname="LAPTOP-50IMME7B" failures="0" tests="3" name="Submit Order Test" time="34.817" errors="0" timestamp="2024-02-25T15:03:04 GMT-06:00">
  <testcase classname="selenium.SeleniumTesting.SubmitOrder" name="submitorder" time="7.169"/>
  <testcase classname="selenium.SeleniumTesting.SubmitOrder" name="submitorder" time="6.613"/>
  <testcase classname="selenium.SeleniumTesting.SubmitOrder" name="orderHistory" time="4.671"/>
</testsuite> <!-- Submit Order Test -->
